<?xml version="1.0" encoding="UTF-8"?>
<!-- Generated by org.testng.reporters.JUnitXMLReporter -->
<testsuite ignored="2" hostname="CC-Girish" failures="0" tests="1" name="Test" time="13.455" errors="0" timestamp="2022-11-22T14:46:46 EST">
  <testcase classname="com.busyqa.auto.WebTests" name="titleTest" time="4.055"/>
  <testcase classname="com.busyqa.auto.WebTests" name="registerTest" time="0.0">
    <ignored/>
  </testcase> <!-- registerTest -->
  <testcase classname="com.busyqa.auto.WebTests" name="loginTest" time="0.0">
    <ignored/>
  </testcase> <!-- loginTest -->
</testsuite> <!-- Test -->
