<?xml version="1.0" encoding="UTF-8"?>
<testng-results ignored="2" total="3" passed="1" failed="0" skipped="0">
  <reporter-output>
  </reporter-output>
  <suite started-at="2022-11-22T15:22:21 EST" name="Suite" finished-at="2022-11-22T15:22:32 EST" duration-ms="11285">
    <groups>
    </groups>
    <test started-at="2022-11-22T15:22:21 EST" name="Test" finished-at="2022-11-22T15:22:32 EST" duration-ms="11285">
      <class name="com.busyqa.auto.WebTests">
        <test-method is-config="true" signature="setup()[pri:0, instance:com.busyqa.auto.WebTests@b2c5e07]" started-at="2022-11-22T15:22:21 EST" name="setup" finished-at="2022-11-22T15:22:22 EST" duration-ms="1007" status="PASS">
          <reporter-output>
          </reporter-output>
        </test-method> <!-- setup -->
        <test-method is-config="true" signature="initiateBrowser()[pri:0, instance:com.busyqa.auto.WebTests@b2c5e07]" started-at="2022-11-22T15:22:22 EST" name="initiateBrowser" finished-at="2022-11-22T15:22:27 EST" duration-ms="4655" status="PASS">
          <reporter-output>
          </reporter-output>
        </test-method> <!-- initiateBrowser -->
        <test-method signature="titleTest()[pri:0, instance:com.busyqa.auto.WebTests@b2c5e07]" started-at="2022-11-22T15:22:27 EST" name="titleTest" finished-at="2022-11-22T15:22:31 EST" duration-ms="4806" status="PASS">
          <reporter-output>
          </reporter-output>
        </test-method> <!-- titleTest -->
        <test-method is-config="true" signature="tearDown()[pri:0, instance:com.busyqa.auto.WebTests@b2c5e07]" started-at="2022-11-22T15:22:31 EST" name="tearDown" finished-at="2022-11-22T15:22:32 EST" duration-ms="374" status="PASS">
          <reporter-output>
          </reporter-output>
        </test-method> <!-- tearDown -->
        <test-method is-config="true" signature="superTearDown()[pri:0, instance:com.busyqa.auto.WebTests@b2c5e07]" started-at="2022-11-22T15:22:32 EST" name="superTearDown" finished-at="2022-11-22T15:22:32 EST" duration-ms="389" status="PASS">
          <reporter-output>
          </reporter-output>
        </test-method> <!-- superTearDown -->
      </class> <!-- com.busyqa.auto.WebTests -->
    </test> <!-- Test -->
  </suite> <!-- Suite -->
</testng-results>
