<?xml version="1.0" encoding="UTF-8"?>
<testng-results ignored="2" total="3" passed="1" failed="0" skipped="0">
  <reporter-output>
  </reporter-output>
  <suite started-at="2022-11-22T14:46:33 EST" name="Suite" finished-at="2022-11-22T14:46:46 EST" duration-ms="13455">
    <groups>
    </groups>
    <test started-at="2022-11-22T14:46:33 EST" name="Test" finished-at="2022-11-22T14:46:46 EST" duration-ms="13455">
      <class name="com.busyqa.auto.WebTests">
        <test-method is-config="true" signature="setup()[pri:0, instance:com.busyqa.auto.WebTests@62727399]" started-at="2022-11-22T14:46:33 EST" name="setup" finished-at="2022-11-22T14:46:34 EST" duration-ms="1366" status="PASS">
          <reporter-output>
          </reporter-output>
        </test-method> <!-- setup -->
        <test-method is-config="true" signature="initiateBrowser()[pri:0, instance:com.busyqa.auto.WebTests@62727399]" started-at="2022-11-22T14:46:34 EST" name="initiateBrowser" finished-at="2022-11-22T14:46:41 EST" duration-ms="7207" status="PASS">
          <reporter-output>
          </reporter-output>
        </test-method> <!-- initiateBrowser -->
        <test-method signature="titleTest()[pri:0, instance:com.busyqa.auto.WebTests@62727399]" started-at="2022-11-22T14:46:41 EST" name="titleTest" finished-at="2022-11-22T14:46:45 EST" duration-ms="4055" status="PASS">
          <reporter-output>
          </reporter-output>
        </test-method> <!-- titleTest -->
        <test-method is-config="true" signature="tearDown()[pri:0, instance:com.busyqa.auto.WebTests@62727399]" started-at="2022-11-22T14:46:45 EST" name="tearDown" finished-at="2022-11-22T14:46:46 EST" duration-ms="484" status="PASS">
          <reporter-output>
          </reporter-output>
        </test-method> <!-- tearDown -->
        <test-method is-config="true" signature="superTearDown()[pri:0, instance:com.busyqa.auto.WebTests@62727399]" started-at="2022-11-22T14:46:46 EST" name="superTearDown" finished-at="2022-11-22T14:46:46 EST" duration-ms="263" status="PASS">
          <reporter-output>
          </reporter-output>
        </test-method> <!-- superTearDown -->
      </class> <!-- com.busyqa.auto.WebTests -->
    </test> <!-- Test -->
  </suite> <!-- Suite -->
</testng-results>
